mode: set
store-service/internal/payment/model.go:25.64,34.2 1 0
store-service/internal/payment/payment.go:32.104,34.16 2 1
store-service/internal/payment/payment.go:38.2,39.16 2 1
store-service/internal/payment/payment.go:43.2,43.48 1 1
store-service/internal/payment/payment.go:50.2,51.16 2 1
store-service/internal/payment/payment.go:55.2,56.16 2 1
store-service/internal/payment/payment.go:60.2,61.16 2 1
store-service/internal/payment/payment.go:66.2,66.102 1 1
store-service/internal/payment/payment.go:34.16,37.3 2 0
store-service/internal/payment/payment.go:39.16,42.3 2 0
store-service/internal/payment/payment.go:43.48,45.17 2 1
store-service/internal/payment/payment.go:45.17,48.4 2 0
store-service/internal/payment/payment.go:51.16,54.3 2 0
store-service/internal/payment/payment.go:56.16,59.3 2 0
store-service/internal/payment/payment.go:61.16,64.3 2 0
store-service/internal/payment/gateway.go:23.81,27.16 4 0
store-service/internal/payment/gateway.go:30.2,30.32 1 0
store-service/internal/payment/gateway.go:33.2,34.16 2 0
store-service/internal/payment/gateway.go:38.2,40.16 3 0
store-service/internal/payment/gateway.go:44.2,44.47 1 0
store-service/internal/payment/gateway.go:27.16,29.3 1 0
store-service/internal/payment/gateway.go:30.32,32.3 1 0
store-service/internal/payment/gateway.go:34.16,36.3 1 0
store-service/internal/payment/gateway.go:40.16,42.3 1 0
store-service/internal/order/model.go:36.49,38.2 1 1
store-service/internal/order/model.go:40.59,42.2 1 1
store-service/internal/order/order.go:23.81,27.16 3 1
store-service/internal/order/order.go:32.2,43.16 3 1
store-service/internal/order/order.go:48.2,48.53 1 1
store-service/internal/order/order.go:56.2,59.3 1 1
store-service/internal/order/order.go:27.16,30.3 2 0
store-service/internal/order/order.go:43.16,46.3 2 0
store-service/internal/order/order.go:48.53,51.17 3 1
store-service/internal/order/order.go:51.17,54.4 2 0
store-service/internal/order/order.go:62.92,64.46 2 1
store-service/internal/order/order.go:68.2,68.26 1 1
store-service/internal/order/order.go:64.46,67.3 2 1
store-service/internal/order/order.go:71.78,73.2 1 1
store-service/internal/order/order.go:75.109,77.2 1 1
store-service/internal/order/repository.go:21.113,36.2 3 0
store-service/internal/order/repository.go:38.113,42.2 3 0
store-service/internal/order/repository.go:44.130,48.2 3 0
store-service/internal/order/repository.go:50.98,54.22 4 0
store-service/internal/order/repository.go:57.2,57.12 1 0
store-service/internal/order/repository.go:54.22,56.3 1 0
store-service/internal/order/repository.go:60.93,64.2 3 0
